  ShaderProgram.cpp
SOIL.lib(SOIL.obj) : warning LNK4075: ignoring '/EDITANDCONTINUE' due to '/OPT:ICF' specification
LINK : warning LNK4098: defaultlib 'LIBCMT' conflicts with use of other libs; use /NODEFAULTLIB:library
LINK : warning LNK4098: defaultlib 'MSVCRTD' conflicts with use of other libs; use /NODEFAULTLIB:library
  Generating code
  11 of 339 functions ( 3.2%) were compiled, the rest were copied from previous compilation.
    0 functions were new in current compilation
    21 functions had inline decision re-evaluated but remain unchanged
  Finished generating code
ShaderProgram.obj : warning LNK4049: locally defined symbol ___glewLinkProgram imported
ShaderProgram.obj : warning LNK4049: locally defined symbol ___glewDeleteShader imported
ShaderProgram.obj : warning LNK4049: locally defined symbol ___glewShaderSource imported
ShaderProgram.obj : warning LNK4049: locally defined symbol ___glewAttachShader imported
ShaderProgram.obj : warning LNK4049: locally defined symbol ___glewCreateProgram imported
ShaderProgram.obj : warning LNK4049: locally defined symbol ___glewCreateShader imported
ShaderProgram.obj : warning LNK4049: locally defined symbol ___glewCompileShader imported
ShaderProgram.obj : warning LNK4049: locally defined symbol ___glewUseProgram imported
VertexBuffer.obj : warning LNK4049: locally defined symbol ___glewGenerateMipmap imported
VertexBuffer.obj : warning LNK4049: locally defined symbol ___glewGenBuffers imported
VertexBuffer.obj : warning LNK4049: locally defined symbol ___glewBufferData imported
VertexBuffer.obj : warning LNK4049: locally defined symbol ___glewBindBuffer imported
VertexBuffer.obj : warning LNK4049: locally defined symbol ___glewVertexAttribPointer imported
VertexBuffer.obj : warning LNK4049: locally defined symbol ___glewEnableVertexAttribArray imported
glew32s.lib(glew.obj) : warning LNK4099: PDB 'vc120.pdb' was not found with 'glew32s.lib(glew.obj)' or at 'C:\Users\Brett\Documents\Git\C++\Projects\OpenGL2\Release\vc120.pdb'; linking object as if no debug info
  OpenGL2.vcxproj -> C:\Users\Brett\Documents\Git\C++\Projects\OpenGL2\Release\OpenGL2.exe
  OpenGL2.vcxproj -> C:\Users\Brett\Documents\Git\C++\Projects\OpenGL2\Release\OpenGL2.pdb (Full PDB)
